<?xml version="1.0" encoding="UTF-8"?>
<!-- Generated by org.testng.reporters.JUnitXMLReporter -->
<testsuite hostname="Jays-MacBook-Air.local" ignored="0" name="Default test" tests="3" failures="0" timestamp="2020-05-28T17:46:21 EDT" time="18.959" errors="0">
  <testcase name="verifyValidEmail" time="2.267" classname="testcases.ConfigurationTest"/>
  <testcase name="verifyErrorMsg" time="2.331" classname="testcases.ConfigurationTest"/>
  <testcase name="verifyDisplayErrorMsg" time="1.291" classname="testcases.ConfigurationTest"/>
</testsuite> <!-- Default test -->
