<?xml version="1.0" encoding="UTF-8"?>
<!-- Generated by org.testng.reporters.JUnitXMLReporter -->
<testsuite hostname="Jays-MacBook-Air.local" ignored="0" name="Test" tests="15" failures="1" timestamp="2020-05-26T13:17:25 EDT" time="70.875" errors="0">
  <testcase name="varifyTitleOfLoginPage" time="0.031" classname="testcases.loginTest">
    <failure type="java.lang.AssertionError" message="title not matched expected [Dashboard / nopCommerce administration] but found [Your store. Login]">
      <![CDATA[java.lang.AssertionError: title not matched expected [Dashboard / nopCommerce administration] but found [Your store. Login]
at testcases.loginTest.varifyTitleOfLoginPage(loginTest.java:64)
at java.util.ArrayList.forEach(ArrayList.java:1249)
... Removed 31 stack frames]]>
    </failure>
  </testcase> <!-- varifyTitleOfLoginPage -->
  <testcase name="userNameErrormsg" time="4.331" classname="testcases.loginTest"/>
  <testcase name="checkValidCredantial" time="5.111" classname="testcases.loginTest"/>
  <testcase name="loginToApplication" time="0.384" classname="testcases.loginTest"/>
  <testcase name="getsideMenu" time="0.292" classname="testcases.dashboardPageTest"/>
  <testcase name="verifyusername" time="0.161" classname="testcases.dashboardPageTest"/>
  <testcase name="varifyCatalog" time="4.269" classname="testcases.dashboardPageTest"/>
  <testcase name="getProductPage" time="3.091" classname="testcases.dashboardPageTest"/>
  <testcase name="VerifyTitleOfProductPage" time="0.026" classname="testcases.prodctPageTest"/>
  <testcase name="getAddNew" time="2.872" classname="testcases.prodctPageTest"/>
  <testcase name="varifyNewManufacturer" time="4.487" classname="testcases.ManufacturerTest"/>
  <testcase name="verifySearch" time="0.25" classname="testcases.ManufacturerTest"/>
  <testcase name="verifyValidManufName" time="1.463" classname="testcases.ManufacturerTest"/>
  <testcase name="verifyValidEmail" time="2.231" classname="testcases.ConfigurationTest"/>
  <testcase name="verifyErrorMsg" time="1.683" classname="testcases.ConfigurationTest"/>
</testsuite> <!-- Test -->
