<?xml version="1.0" encoding="UTF-8"?>
<testng-results skipped="0" failed="0" ignored="0" total="3" passed="3">
  <reporter-output>
  </reporter-output>
  <suite name="Default suite" duration-ms="18959" started-at="2020-05-28T17:46:02 EDT" finished-at="2020-05-28T17:46:21 EDT">
    <groups>
    </groups>
    <test name="Default test" duration-ms="18959" started-at="2020-05-28T17:46:02 EDT" finished-at="2020-05-28T17:46:21 EDT">
      <class name="testcases.ConfigurationTest">
        <test-method status="PASS" signature="startBrowser()[pri:0, instance:testcases.ConfigurationTest@57e1b0c]" name="startBrowser" is-config="true" duration-ms="12773" started-at="2020-05-28T17:46:02 EDT" finished-at="2020-05-28T17:46:15 EDT">
          <reporter-output>
          </reporter-output>
        </test-method> <!-- startBrowser -->
        <test-method status="PASS" signature="verifyValidEmail()[pri:1, instance:testcases.ConfigurationTest@57e1b0c]" name="verifyValidEmail" duration-ms="2267" started-at="2020-05-28T17:46:15 EDT" finished-at="2020-05-28T17:46:17 EDT">
          <reporter-output>
          </reporter-output>
        </test-method> <!-- verifyValidEmail -->
        <test-method status="PASS" signature="verifyErrorMsg()[pri:2, instance:testcases.ConfigurationTest@57e1b0c]" name="verifyErrorMsg" duration-ms="2331" started-at="2020-05-28T17:46:17 EDT" finished-at="2020-05-28T17:46:20 EDT">
          <reporter-output>
          </reporter-output>
        </test-method> <!-- verifyErrorMsg -->
        <test-method status="PASS" signature="verifyDisplayErrorMsg()[pri:3, instance:testcases.ConfigurationTest@57e1b0c]" name="verifyDisplayErrorMsg" duration-ms="1291" started-at="2020-05-28T17:46:20 EDT" finished-at="2020-05-28T17:46:21 EDT">
          <reporter-output>
          </reporter-output>
        </test-method> <!-- verifyDisplayErrorMsg -->
        <test-method status="PASS" signature="tearDown()[pri:0, instance:testcases.ConfigurationTest@57e1b0c]" name="tearDown" is-config="true" duration-ms="228" started-at="2020-05-28T17:46:21 EDT" finished-at="2020-05-28T17:46:21 EDT">
          <reporter-output>
          </reporter-output>
        </test-method> <!-- tearDown -->
      </class> <!-- testcases.ConfigurationTest -->
    </test> <!-- Default test -->
  </suite> <!-- Default suite -->
</testng-results>
